<?xml version="1.0" encoding="UTF-8"?>
<!-- Generated by org.testng.reporters.JUnitReportReporter -->
<testsuite skipped="0" hostname="GUDU-PC" name="com.qa.test.GetAPITest" tests="2" failures="0" timestamp="28 May 2021 07:27:26 GMT" time="0.932" errors="0">
  <testcase name="getAPITestWithoutHeaders" time="0.491" classname="com.qa.test.GetAPITest"/>
  <testcase name="getAPITestWithHeaders" time="0.441" classname="com.qa.test.GetAPITest"/>
</testsuite> <!-- com.qa.test.GetAPITest -->
