<?xml version="1.0" encoding="UTF-8"?>
<!-- Generated by org.testng.reporters.JUnitReportReporter -->
<testsuite skipped="0" hostname="GUDU-PC" name="com.qa.test.PostAPITest" tests="1" failures="0" timestamp="28 May 2021 07:27:26 GMT" time="2.433" errors="0">
  <testcase name="postAPITest" time="2.433" classname="com.qa.test.PostAPITest"/>
</testsuite> <!-- com.qa.test.PostAPITest -->
