<?xml version="1.0" encoding="UTF-8"?>
<!-- Generated by org.testng.reporters.JUnitReportReporter -->
<testsuite skipped="0" hostname="GUDU-PC" name="practiserestassured.TC003_GET_Request" tests="1" failures="0" timestamp="27 May 2021 03:04:50 GMT" time="6.726" errors="0">
  <testcase name="googleMapTest" time="6.726" classname="practiserestassured.TC003_GET_Request"/>
</testsuite> <!-- practiserestassured.TC003_GET_Request -->
